[17:00:11] [DEBUG] ParaBankTestingBoth - DEBUG: Browser parameter received: Chrome
[17:00:14] [DEBUG] ParaBankTestingBoth - INFO: Browser launched successfully with URL: https://parabank.parasoft.com/
[17:00:14] [DEBUG] PackageRelationshipCollection - Parsing relationship: /xl/_rels/workbook.xml.rels
[17:00:14] [DEBUG] PackageRelationshipCollection - Parsing relationship: /_rels/.rels
[17:00:15] [DEBUG] ParaBankTestingBoth - DEBUG: Test data received -> Sai, Mallavarapu, Kandukur Street, Kandukur, AP, 523105, 9876543210, 123456789, SaiSundar10, sai@123
[17:00:17] [DEBUG] ParaBankTestingBoth - WARN: Registration failed -> Username already exists: SaiSundar10
[17:00:17] [DEBUG] ParaBankTestingBoth - DEBUG: Test data received -> Prabal, Ghosh, Gurap, Kolkata, WB, 712303, 9123456780, 987654321, Ghosh10, prabal@123
[17:00:20] [DEBUG] ParaBankTestingBoth - WARN: Registration failed -> Username already exists: Ghosh10
[17:00:20] [DEBUG] ParaBankTestingBoth - DEBUG: Test data received -> Abhas, Mittal, Shastri Nagar, Meerut, UP, 250004.0, 9.758302001E9, 1.59753462E8, Abhas1, abhas@123
[17:00:22] [DEBUG] ParaBankTestingBoth - WARN: Registration failed -> Username already exists: Abhas1
[17:00:22] [DEBUG] ParaBankTestingBoth - DEBUG: Test data received -> Bhagya, Shri, Nehru Nagar, Nashik, MH, 122333.0, 7.894561237E9, 4.57891231E8, Bhagya3, bhagya@123
[17:00:24] [DEBUG] ParaBankTestingBoth - WARN: Registration failed -> Username already exists: Bhagya3
[17:00:24] [DEBUG] PackageRelationshipCollection - Parsing relationship: /xl/_rels/workbook.xml.rels
[17:00:24] [DEBUG] PackageRelationshipCollection - Parsing relationship: /xl/_rels/workbook.xml.rels
[17:00:24] [DEBUG] PackageRelationshipCollection - Parsing relationship: /_rels/.rels
[17:00:24] [DEBUG] PackageRelationshipCollection - Parsing relationship: /_rels/.rels
[17:00:24] [DEBUG] ParaBankTestingBoth - DEBUG: Credentials -> username: SaiSundar10, password: sai@123
[17:00:24] [DEBUG] ParaBankTestingBoth - DEBUG: Credentials -> username: Ghosh10, password: prabal@123
[17:00:24] [DEBUG] ParaBankTestingBoth - DEBUG: Credentials -> username: Abhas1, password: abhas@123
[17:00:24] [DEBUG] ParaBankTestingBoth - DEBUG: Credentials -> username: SaiSundar10, password: sai@123
[17:00:24] [DEBUG] ParaBankTestingBoth - DEBUG: Credentials -> username: Ghosh10, password: prabal@123
[17:00:24] [DEBUG] ParaBankTestingBoth - DEBUG: Credentials -> username: Abhas1, password: abhas@123
[17:00:24] [DEBUG] ParaBankTestingBoth - DEBUG: Credentials -> username: Bhagya3, password: bhagya@123
[17:00:24] [DEBUG] ParaBankTestingBoth - DEBUG: Credentials -> username: Bhagya3, password: bhagya@123
[17:00:42] [DEBUG] ParaBankTestingBoth - ERROR: Login failed for user: Ghosh10
[17:00:42] [DEBUG] ParaBankTestingBoth - FATAL: Critical login failure detected for user: Ghosh10
[17:00:52] [DEBUG] ParaBankTestingBoth - ERROR: Login failed for user: SaiSundar10
[17:00:52] [DEBUG] ParaBankTestingBoth - FATAL: Critical login failure detected for user: SaiSundar10
[17:01:02] [DEBUG] ParaBankTestingBoth - ERROR: Login failed for user: SaiSundar10
[17:01:02] [DEBUG] ParaBankTestingBoth - FATAL: Critical login failure detected for user: SaiSundar10
[17:01:13] [DEBUG] ParaBankTestingBoth - ERROR: Login failed for user: Abhas1
[17:01:13] [DEBUG] ParaBankTestingBoth - FATAL: Critical login failure detected for user: Abhas1
[17:01:23] [DEBUG] ParaBankTestingBoth - ERROR: Login failed for user: Abhas1
[17:01:23] [DEBUG] ParaBankTestingBoth - FATAL: Critical login failure detected for user: Abhas1
[17:01:33] [DEBUG] ParaBankTestingBoth - ERROR: Login failed for user: Ghosh10
[17:01:33] [DEBUG] ParaBankTestingBoth - FATAL: Critical login failure detected for user: Ghosh10
[17:01:43] [DEBUG] ParaBankTestingBoth - ERROR: Login failed for user: Bhagya3
[17:01:43] [DEBUG] ParaBankTestingBoth - FATAL: Critical login failure detected for user: Bhagya3
[17:01:53] [DEBUG] ParaBankTestingBoth - ERROR: Login failed for user: Bhagya3
[17:01:53] [DEBUG] ParaBankTestingBoth - FATAL: Critical login failure detected for user: Bhagya3
[17:01:54] [DEBUG] ParaBankTestingBoth - DEBUG: WebDriver.quit() executed successfully
[17:01:54] [DEBUG] ParaBankTestingBoth - INFO: Browser closed and WebDriver quit
[17:07:20] [DEBUG] TestNG - suiteXmlPath: "C:\Users\abhas\git\repository7\javaseleniumproject\testng.xml"
[17:07:20] [DEBUG] Utils - [TestNG] Running:
  C:\Users\abhas\git\repository7\javaseleniumproject\testng.xml

[17:07:20] [DEBUG] ParaBankTestingBoth - DEBUG: Browser parameter received: Chrome
[17:07:25] [DEBUG] ParaBankTestingBoth - INFO: Browser launched successfully with URL: https://parabank.parasoft.com/
[17:07:25] [DEBUG] PackageRelationshipCollection - Parsing relationship: /xl/_rels/workbook.xml.rels
[17:07:25] [DEBUG] PackageRelationshipCollection - Parsing relationship: /_rels/.rels
[17:07:25] [DEBUG] ParaBankTestingBoth - DEBUG: Test data received -> Sai, Mallavarapu, Kandukur Street, Kandukur, AP, 523105, 9876543210, 123456789, SaiSundar10, sai@123
[17:07:28] [DEBUG] ParaBankTestingBoth - WARN: Registration failed -> Username already exists: SaiSundar10
[17:07:28] [DEBUG] ParaBankTestingBoth - DEBUG: Test data received -> Prabal, Ghosh, Gurap, Kolkata, WB, 712303, 9123456780, 987654321, Ghosh10, prabal@123
[17:07:30] [DEBUG] ParaBankTestingBoth - WARN: Registration failed -> Username already exists: Ghosh10
[17:07:30] [DEBUG] ParaBankTestingBoth - DEBUG: Test data received -> Abhas, Mittal, Shastri Nagar, Meerut, UP, 250004.0, 9.758302001E9, 1.59753462E8, Abhas1, abhas@123
[17:07:33] [DEBUG] ParaBankTestingBoth - WARN: Registration failed -> Username already exists: Abhas1
[17:07:33] [DEBUG] ParaBankTestingBoth - DEBUG: Test data received -> Bhagya, Shri, Nehru Nagar, Nashik, MH, 122333.0, 7.894561237E9, 4.57891231E8, Bhagya3, bhagya@123
[17:07:35] [DEBUG] ParaBankTestingBoth - WARN: Registration failed -> Username already exists: Bhagya3
[17:07:35] [DEBUG] PackageRelationshipCollection - Parsing relationship: /xl/_rels/workbook.xml.rels
[17:07:35] [DEBUG] PackageRelationshipCollection - Parsing relationship: /xl/_rels/workbook.xml.rels
[17:07:35] [DEBUG] PackageRelationshipCollection - Parsing relationship: /_rels/.rels
[17:07:35] [DEBUG] PackageRelationshipCollection - Parsing relationship: /_rels/.rels
[17:07:35] [DEBUG] ParaBankTestingBoth - DEBUG: Credentials -> username: SaiSundar10, password: sai@123
[17:07:35] [DEBUG] ParaBankTestingBoth - DEBUG: Credentials -> username: Ghosh10, password: prabal@123
[17:07:35] [DEBUG] ParaBankTestingBoth - DEBUG: Credentials -> username: Bhagya3, password: bhagya@123
[17:07:35] [DEBUG] ParaBankTestingBoth - DEBUG: Credentials -> username: Abhas1, password: abhas@123
[17:07:35] [DEBUG] ParaBankTestingBoth - DEBUG: Credentials -> username: Ghosh10, password: prabal@123
[17:07:35] [DEBUG] ParaBankTestingBoth - DEBUG: Credentials -> username: SaiSundar10, password: sai@123
[17:07:35] [DEBUG] ParaBankTestingBoth - DEBUG: Credentials -> username: Bhagya3, password: bhagya@123
[17:07:35] [DEBUG] ParaBankTestingBoth - DEBUG: Credentials -> username: Abhas1, password: abhas@123
[17:07:53] [DEBUG] ParaBankTestingBoth - ERROR: Login failed for user: Ghosh10
[17:07:53] [DEBUG] ParaBankTestingBoth - FATAL: Critical login failure detected for user: Ghosh10
[17:07:54] [DEBUG] ParaBankTestingBoth - DEBUG: WebDriver.quit() executed successfully
[17:07:54] [DEBUG] ParaBankTestingBoth - INFO: Browser closed and WebDriver quit
